NAMESPACE            NAME                                             READY   STATUS      RESTARTS        AGE
ingress-nginx        pod/ingress-nginx-admission-create-284kr         0/1     Completed   0               9m37s
ingress-nginx        pod/ingress-nginx-admission-patch-d42xx          0/1     Completed   2               9m37s
ingress-nginx        pod/ingress-nginx-controller-d45d995d4-trxhx     1/1     Running     0               9m37s
kube-system          pod/coredns-7db6d8ff4d-k4gz9                     1/1     Running     0               10m
kube-system          pod/coredns-7db6d8ff4d-ktp74                     1/1     Running     0               10m
kube-system          pod/etcd-kind-control-plane                      1/1     Running     0               11m
kube-system          pod/kindnet-2lfz9                                1/1     Running     0               10m
kube-system          pod/kindnet-4ldsr                                1/1     Running     0               10m
kube-system          pod/kindnet-5pkds                                1/1     Running     0               10m
kube-system          pod/kindnet-6b6cr                                1/1     Running     0               10m
kube-system          pod/kindnet-crnql                                1/1     Running     0               10m
kube-system          pod/kindnet-dpfts                                1/1     Running     0               10m
kube-system          pod/kindnet-tszkc                                1/1     Running     0               10m
kube-system          pod/kube-apiserver-kind-control-plane            1/1     Running     0               11m
kube-system          pod/kube-controller-manager-kind-control-plane   1/1     Running     0               11m
kube-system          pod/kube-proxy-655km                             1/1     Running     0               10m
kube-system          pod/kube-proxy-6xbqs                             1/1     Running     0               10m
kube-system          pod/kube-proxy-fbzv2                             1/1     Running     0               10m
kube-system          pod/kube-proxy-fft5f                             1/1     Running     0               10m
kube-system          pod/kube-proxy-k4cmc                             1/1     Running     0               10m
kube-system          pod/kube-proxy-lqft9                             1/1     Running     0               10m
kube-system          pod/kube-proxy-mxrsx                             1/1     Running     0               10m
kube-system          pod/kube-scheduler-kind-control-plane            1/1     Running     0               11m
local-path-storage   pod/local-path-provisioner-988d74bc-jtn5h        1/1     Running     0               10m
mysql                pod/mysql-0                                      1/1     Running     0               9m38s
mysql                pod/mysql-1                                      1/1     Running     0               9m12s
todoapp              pod/todoapp-59c88b4dd4-p7r2z                     1/1     Running     3 (8m57s ago)   9m38s
todoapp              pod/todoapp-59c88b4dd4-x8722                     1/1     Running     2 (8m57s ago)   9m23s

NAMESPACE       NAME                                         TYPE        CLUSTER-IP      EXTERNAL-IP   PORT(S)                      AGE
default         service/kubernetes                           ClusterIP   10.96.0.1       <none>        443/TCP                      11m
ingress-nginx   service/ingress-nginx-controller             NodePort    10.96.8.109     <none>        80:31848/TCP,443:32450/TCP   9m37s
ingress-nginx   service/ingress-nginx-controller-admission   ClusterIP   10.96.188.130   <none>        443/TCP                      9m37s
kube-system     service/kube-dns                             ClusterIP   10.96.0.10      <none>        53/UDP,53/TCP,9153/TCP       11m
mysql           service/mysql                                ClusterIP   None            <none>        3306/TCP                     9m38s
todoapp         service/todoapp-clusterip-service            ClusterIP   10.96.240.15    <none>        80/TCP                       9m38s
todoapp         service/todoapp-nodeport                     NodePort    10.96.56.172    <none>        80:30007/TCP                 9m38s

NAMESPACE     NAME                        DESIRED   CURRENT   READY   UP-TO-DATE   AVAILABLE   NODE SELECTOR            AGE
kube-system   daemonset.apps/kindnet      7         7         7       7            7           kubernetes.io/os=linux   11m
kube-system   daemonset.apps/kube-proxy   7         7         7       7            7           kubernetes.io/os=linux   11m

NAMESPACE            NAME                                       READY   UP-TO-DATE   AVAILABLE   AGE
ingress-nginx        deployment.apps/ingress-nginx-controller   1/1     1            1           9m37s
kube-system          deployment.apps/coredns                    2/2     2            2           11m
local-path-storage   deployment.apps/local-path-provisioner     1/1     1            1           11m
todoapp              deployment.apps/todoapp                    2/2     2            2           9m38s

NAMESPACE            NAME                                                 DESIRED   CURRENT   READY   AGE
ingress-nginx        replicaset.apps/ingress-nginx-controller-d45d995d4   1         1         1       9m37s
kube-system          replicaset.apps/coredns-7db6d8ff4d                   2         2         2       10m
local-path-storage   replicaset.apps/local-path-provisioner-988d74bc      1         1         1       10m
todoapp              replicaset.apps/todoapp-59c88b4dd4                   2         2         2       9m38s

NAMESPACE   NAME                     READY   AGE
mysql       statefulset.apps/mysql   2/2     9m38s

NAMESPACE   NAME                                          REFERENCE            TARGETS                                     MINPODS   MAXPODS   REPLICAS   AGE
todoapp     horizontalpodautoscaler.autoscaling/todoapp   Deployment/todoapp   cpu: <unknown>/70%, memory: <unknown>/70%   2         5         2          9m38s

NAMESPACE       NAME                                       STATUS     COMPLETIONS   DURATION   AGE
ingress-nginx   job.batch/ingress-nginx-admission-create   Complete   1/1           22s        9m37s
ingress-nginx   job.batch/ingress-nginx-admission-patch    Complete   1/1           25s        9m37s

NAMESPACE            NAME                                                             DATA   AGE
default              configmap/kube-root-ca.crt                                       1      10m
ingress-nginx        configmap/ingress-nginx-controller                               1      9m37s
ingress-nginx        configmap/kube-root-ca.crt                                       1      9m37s
kube-node-lease      configmap/kube-root-ca.crt                                       1      10m
kube-public          configmap/cluster-info                                           2      11m
kube-public          configmap/kube-root-ca.crt                                       1      10m
kube-system          configmap/coredns                                                1      11m
kube-system          configmap/extension-apiserver-authentication                     6      11m
kube-system          configmap/kube-apiserver-legacy-service-account-token-tracking   1      11m
kube-system          configmap/kube-proxy                                             2      11m
kube-system          configmap/kube-root-ca.crt                                       1      10m
kube-system          configmap/kubeadm-config                                         1      11m
kube-system          configmap/kubelet-config                                         1      11m
local-path-storage   configmap/kube-root-ca.crt                                       1      10m
local-path-storage   configmap/local-path-config                                      4      11m
mysql                configmap/kube-root-ca.crt                                       1      9m38s
mysql                configmap/mysql-configmap                                        1      9m38s
todoapp              configmap/kube-root-ca.crt                                       1      9m38s
todoapp              configmap/todoapp-configmap                                      1      9m38s

NAMESPACE       NAME                                   TYPE                            DATA   AGE
default         secret/sh.helm.release.v1.todoapp.v1   helm.sh/release.v1              1      9m38s
ingress-nginx   secret/ingress-nginx-admission         Opaque                          3      9m18s
kube-system     secret/bootstrap-token-abcdef          bootstrap.kubernetes.io/token   6      11m
mysql           secret/mysql-secrets                   Opaque                          3      9m38s
todoapp         secret/todoapp-secret                  Opaque                          5      9m38s

NAMESPACE   NAME                                        CLASS    HOSTS   ADDRESS     PORTS   AGE
todoapp     ingress.networking.k8s.io/todoapp-ingress   <none>   *       localhost   80      9m38s
